<?xml version="1.0" encoding="UTF-8" standalone="no"?>
<project xmlns="http://maven.apache.org/POM/4.0.0" xmlns:xsi="http://www.w3.org/2001/XMLSchema-instance" xsi:schemaLocation="http://maven.apache.org/POM/4.0.0 http://maven.apache.org/xsd/maven-4.0.0.xsd">
  <version>${revision}</version>

  <properties>
    <revision>1.0.6</revision>
    <another.thing>1.0.6</another.thing>
  </properties>

  <modules>
    <module>a-module</module>
    <module>another-module</module>
  </modules>

</project>
